<?xml version="1.0" encoding="UTF-8"?>
<!-- Generated by org.testng.reporters.JUnitXMLReporter -->
<testsuite ignored="0" hostname="DESKTOP-123O38H" failures="0" tests="4" name="Default test" time="9.788" errors="0" timestamp="2023-11-19T17:17:43 IST">
  <testcase classname="api.petTest.petTest" name="createPet" time="4.459"/>
  <testcase classname="api.petTest.petTest" name="uploadPetImage" time="1.363"/>
  <testcase classname="api.petTest.petTest" name="GetPet" time="2.168"/>
  <testcase classname="api.petTest.petTest" name="deletePet" time="1.253"/>
</testsuite> <!-- Default test -->
