<?xml version="1.0" encoding="UTF-8"?>
<!-- Generated by org.testng.reporters.JUnitXMLReporter -->
<testsuite ignored="0" hostname="DESKTOP-123O38H" failures="0" tests="4" name="Test" time="15.982" errors="0" timestamp="2023-11-14T17:25:45 IST">
  <testcase classname="api.UserTest.UserTest" name="createUser" time="5.703"/>
  <testcase classname="api.UserTest.UserTest" name="getUser" time="2.655"/>
  <testcase classname="api.UserTest.UserTest" name="updateUser" time="5.154"/>
  <testcase classname="api.UserTest.UserTest" name="deleteUser" time="1.492"/>
</testsuite> <!-- Test -->
