<?xml version="1.0" encoding="UTF-8"?>
<!-- Generated by org.testng.reporters.JUnitXMLReporter -->
<testsuite ignored="0" hostname="DESKTOP-123O38H" failures="0" tests="4" name="Test" time="15.925" errors="0" timestamp="2025-05-24T18:54:09 IST">
  <testcase classname="api.UserTest.UserTest" name="createUser" time="5.661"/>
  <testcase classname="api.UserTest.UserTest" name="getUser" time="2.774"/>
  <testcase classname="api.UserTest.UserTest" name="updateUser" time="2.983"/>
  <testcase classname="api.UserTest.UserTest" name="deleteUser" time="1.452"/>
</testsuite> <!-- Test -->
