<?xml version="1.0" encoding="UTF-8"?>
<testsuite xmlns:xsi="http://www.w3.org/2001/XMLSchema-instance" xsi:noNamespaceSchemaLocation="https://maven.apache.org/surefire/maven-surefire-plugin/xsd/surefire-test-report-3.0.xsd" version="3.0" name="TestSuite" time="15.068" tests="2" errors="0" skipped="0" failures="1">
  <properties>
[...]
</properties>
  <testcase name="performActivities" classname="api.fakeRestAPI.FakerTest" time="10.655">
    <system-out><![CDATA[HTTP/1.1 200 OK
Content-Type: application/json; charset=utf-8; v=1.0
Date: Sat, 24 May 2025 17:32:54 GMT
Server: Kestrel
Transfer-Encoding: chunked
api-supported-versions: 1.0

{
    "id": 807,
    "title": "Munch",
    "dueDate": "2025-05-24T12:56:43.681Z",
    "completed": true
}
HTTP/1.1 200 OK
Content-Type: application/json; charset=utf-8; v=1.0
Date: Sat, 24 May 2025 17:32:59 GMT
Server: Kestrel
Transfer-Encoding: chunked
api-supported-versions: 1.0

{
    "id": 807,
    "title": "d45dd89466bfc1d87dfde24e0b7188ef",
    "dueDate": "2025-05-24T12:56:43.681Z",
    "completed": true
}
HTTP/1.1 200 OK
Content-Length: 0
Date: Sat, 24 May 2025 17:33:00 GMT
Server: Kestrel
api-supported-versions: 1.0
HTTP/1.1 200 OK
Content-Type: application/json; charset=utf-8; v=1.0
Date: Sat, 24 May 2025 17:33:00 GMT
Server: Kestrel
Transfer-Encoding: chunked
api-supported-versions: 1.0

[
    {
        "id": 1,
        "title": "Activity 1",
        "dueDate": "2025-05-24T18:33:00.8847988+00:00",
        "completed": false
    },
    {
        "id": 2,
        "title": "Activity 2",
        "dueDate": "2025-05-24T19:33:00.8848015+00:00",
        "completed": true
    },
    {
        "id": 3,
        "title": "Activity 3",
        "dueDate": "2025-05-24T20:33:00.8848018+00:00",
        "completed": false
    },
    {
        "id": 4,
        "title": "Activity 4",
        "dueDate": "2025-05-24T21:33:00.8848021+00:00",
        "completed": true
    },
    {
        "id": 5,
        "title": "Activity 5",
        "dueDate": "2025-05-24T22:33:00.8848024+00:00",
        "completed": false
    },
    {
        "id": 6,
        "title": "Activity 6",
        "dueDate": "2025-05-24T23:33:00.884803+00:00",
        "completed": true
    },
    {
        "id": 7,
        "title": "Activity 7",
        "dueDate": "2025-05-25T00:33:00.8848033+00:00",
        "completed": false
    },
    {
        "id": 8,
        "title": "Activity 8",
        "dueDate": "2025-05-25T01:33:00.8848036+00:00",
        "completed": true
    },
    {
        "id": 9,
        "title": "Activity 9",
        "dueDate": "2025-05-25T02:33:00.8848038+00:00",
        "completed": false
    },
    {
        "id": 10,
        "title": "Activity 10",
        "dueDate": "2025-05-25T03:33:00.8848043+00:00",
        "completed": true
    },
    {
        "id": 11,
        "title": "Activity 11",
        "dueDate": "2025-05-25T04:33:00.8848047+00:00",
        "completed": false
    },
    {
        "id": 12,
        "title": "Activity 12",
        "dueDate": "2025-05-25T05:33:00.8848049+00:00",
        "completed": true
    },
    {
        "id": 13,
        "title": "Activity 13",
        "dueDate": "2025-05-25T06:33:00.8848052+00:00",
        "completed": false
    },
    {
        "id": 14,
        "title": "Activity 14",
        "dueDate": "2025-05-25T07:33:00.8848055+00:00",
        "completed": true
    },
    {
        "id": 15,
        "title": "Activity 15",
        "dueDate": "2025-05-25T08:33:00.8848057+00:00",
        "completed": false
    },
    {
        "id": 16,
        "title": "Activity 16",
        "dueDate": "2025-05-25T09:33:00.884806+00:00",
        "completed": true
    },
    {
        "id": 17,
        "title": "Activity 17",
        "dueDate": "2025-05-25T10:33:00.8848063+00:00",
        "completed": false
    },
    {
        "id": 18,
        "title": "Activity 18",
        "dueDate": "2025-05-25T11:33:00.8848067+00:00",
        "completed": true
    },
    {
        "id": 19,
        "title": "Activity 19",
        "dueDate": "2025-05-25T12:33:00.8848069+00:00",
        "completed": false
    },
    {
        "id": 20,
        "title": "Activity 20",
        "dueDate": "2025-05-25T13:33:00.8848072+00:00",
        "completed": true
    },
    {
        "id": 21,
        "title": "Activity 21",
        "dueDate": "2025-05-25T14:33:00.8848075+00:00",
        "completed": false
    },
    {
        "id": 22,
        "title": "Activity 22",
        "dueDate": "2025-05-25T15:33:00.8848077+00:00",
        "completed": true
    },
    {
        "id": 23,
        "title": "Activity 23",
        "dueDate": "2025-05-25T16:33:00.884808+00:00",
        "completed": false
    },
    {
        "id": 24,
        "title": "Activity 24",
        "dueDate": "2025-05-25T17:33:00.8848083+00:00",
        "completed": true
    },
    {
        "id": 25,
        "title": "Activity 25",
        "dueDate": "2025-05-25T18:33:00.8848085+00:00",
        "completed": false
    },
    {
        "id": 26,
        "title": "Activity 26",
        "dueDate": "2025-05-25T19:33:00.8848088+00:00",
        "completed": true
    },
    {
        "id": 27,
        "title": "Activity 27",
        "dueDate": "2025-05-25T20:33:00.8848091+00:00",
        "completed": false
    },
    {
        "id": 28,
        "title": "Activity 28",
        "dueDate": "2025-05-25T21:33:00.8848093+00:00",
        "completed": true
    },
    {
        "id": 29,
        "title": "Activity 29",
        "dueDate": "2025-05-25T22:33:00.8848096+00:00",
        "completed": false
    },
    {
        "id": 30,
        "title": "Activity 30",
        "dueDate": "2025-05-25T23:33:00.8848099+00:00",
        "completed": true
    }
]
]]></system-out>
    <system-err><![CDATA[SLF4J: Failed to load class "org.slf4j.impl.StaticLoggerBinder".
SLF4J: Defaulting to no-operation (NOP) logger implementation
SLF4J: See http://www.slf4j.org/codes.html#StaticLoggerBinder for further details.
]]></system-err>
  </testcase>
  <testcase name="performAuthorActivities" classname="api.fakeRestAPI.FakerTest" time="2.184">
    <failure message="1 expectation failed.&#10;Response body doesn&apos;t match expectation.&#10;Expected: The content to match the given JSON schema.&#10;error: instance type (array) does not match any allowed primitive type (allowed: [&quot;object&quot;])&#10;    level: &quot;error&quot;&#10;    schema: {&quot;loadingURI&quot;:&quot;#&quot;,&quot;pointer&quot;:&quot;&quot;}&#10;    instance: {&quot;pointer&quot;:&quot;&quot;}&#10;    domain: &quot;validation&quot;&#10;    keyword: &quot;type&quot;&#10;    found: &quot;array&quot;&#10;    expected: [&quot;object&quot;]&#10;&#10;  Actual: []&#10;" type="java.lang.AssertionError"><![CDATA[java.lang.AssertionError: 
1 expectation failed.
Response body doesn't match expectation.
Expected: The content to match the given JSON schema.
error: instance type (array) does not match any allowed primitive type (allowed: ["object"])
    level: "error"
    schema: {"loadingURI":"#","pointer":""}
    instance: {"pointer":""}
    domain: "validation"
    keyword: "type"
    found: "array"
    expected: ["object"]

  Actual: []

	at api.fakeRestAPI.FakerTest.performAuthorActivities(FakerTest.java:25)
]]></failure>
    <system-out><![CDATA[HTTP/1.1 200 OK
Content-Type: application/json; charset=utf-8; v=1.0
Date: Sat, 24 May 2025 17:33:01 GMT
Server: Kestrel
Transfer-Encoding: chunked
api-supported-versions: 1.0

{
    "id": 107,
    "idBook": 2096524537,
    "firstName": "Altha",
    "lastName": "Rowe"
}
HTTP/1.1 200 OK
Content-Type: application/json; charset=utf-8; v=1.0
Date: Sat, 24 May 2025 17:33:02 GMT
Server: Kestrel
Transfer-Encoding: chunked
api-supported-versions: 1.0

{
    "id": 107,
    "idBook": 37,
    "firstName": "First Name 107",
    "lastName": "Last Name 107"
}
HTTP/1.1 200 OK
Content-Type: application/json; charset=utf-8; v=1.0
Date: Sat, 24 May 2025 17:33:03 GMT
Server: Kestrel
Transfer-Encoding: chunked
api-supported-versions: 1.0

[
    
]
]]></system-out>
  </testcase>
</testsuite>