<?xml version="1.0" encoding="UTF-8"?>
<testsuite xmlns:xsi="http://www.w3.org/2001/XMLSchema-instance" xsi:noNamespaceSchemaLocation="https://maven.apache.org/surefire/maven-surefire-plugin/xsd/surefire-test-report-3.0.xsd" version="3.0" name="TestSuite" time="17.948" tests="4" errors="0" skipped="0" failures="0">
  <properties>
[...]
</properties>
  <testcase name="createUser" classname="api.UserTest.UserTest" time="5.674">
    <system-out><![CDATA[HTTP/1.1 200 OK
Date: Sat, 24 May 2025 13:24:01 GMT
Content-Type: application/json
Transfer-Encoding: chunked
Connection: keep-alive
Access-Control-Allow-Origin: *
Access-Control-Allow-Methods: GET, POST, DELETE, PUT
Access-Control-Allow-Headers: Content-Type, api_key, Authorization
Server: Jetty(9.2.9.v20150224)

{
    "code": 200,
    "type": "unknown",
    "message": "1192923170"
}
-------------------------------------------------*GetUser*--------------------------------------------------------------------------------------------
]]></system-out>
    <system-err><![CDATA[SLF4J: Failed to load class "org.slf4j.impl.StaticLoggerBinder".
SLF4J: Defaulting to no-operation (NOP) logger implementation
SLF4J: See http://www.slf4j.org/codes.html#StaticLoggerBinder for further details.
]]></system-err>
  </testcase>
  <testcase name="getUser" classname="api.UserTest.UserTest" time="2.783">
    <system-out><![CDATA[{
    "id": 1192923170,
    "username": "leigh.kunze",
    "email": "kendrick.runte@example.com",
    "password": "2ojfz9",
    "phone": "862.235.9582",
    "userStatus": 0
}
-------------------------------------------------*Updateuser*--------------------------------------------------------------------------------------------
]]></system-out>
  </testcase>
  <testcase name="updateUser" classname="api.UserTest.UserTest" time="2.982">
    <system-out><![CDATA[HTTP/1.1 200 OK
Date: Sat, 24 May 2025 13:24:05 GMT
Content-Type: application/json
Transfer-Encoding: chunked
Connection: keep-alive
Access-Control-Allow-Origin: *
Access-Control-Allow-Methods: GET, POST, DELETE, PUT
Access-Control-Allow-Headers: Content-Type, api_key, Authorization
Server: Jetty(9.2.9.v20150224)

{
    "code": 200,
    "type": "unknown",
    "message": "1192923170"
}
-------------------------------------------------*DeleteUser*--------------------------------------------------------------------------------------------
]]></system-out>
  </testcase>
  <testcase name="deleteUser" classname="api.UserTest.UserTest" time="1.453">
    <system-out><![CDATA[HTTP/1.1 200 OK
Date: Sat, 24 May 2025 13:24:08 GMT
Content-Type: application/json
Transfer-Encoding: chunked
Connection: keep-alive
Access-Control-Allow-Origin: *
Access-Control-Allow-Methods: GET, POST, DELETE, PUT
Access-Control-Allow-Headers: Content-Type, api_key, Authorization
Server: Jetty(9.2.9.v20150224)

{
    "code": 200,
    "type": "unknown",
    "message": "leigh.kunze"
}
-------------------------------------------------*End of the Execution*--------------------------------------------------------------------------------------------
]]></system-out>
  </testcase>
</testsuite>