<?xml version="1.0" encoding="UTF-8"?>
<testng-results ignored="0" total="4" passed="4" failed="0" skipped="0">
  <reporter-output>
  </reporter-output>
  <suite started-at="2023-11-19T17:17:33 IST" name="Default suite" finished-at="2023-11-19T17:17:43 IST" duration-ms="9788">
    <groups>
    </groups>
    <test started-at="2023-11-19T17:17:33 IST" name="Default test" finished-at="2023-11-19T17:17:43 IST" duration-ms="9788">
      <class name="api.petTest.petTest">
        <test-method is-config="true" signature="createData()[pri:0, instance:api.petTest.petTest@6221a451]" started-at="2023-11-19T17:17:33 IST" name="createData" finished-at="2023-11-19T17:17:33 IST" duration-ms="442" status="PASS">
          <reporter-output>
          </reporter-output>
        </test-method> <!-- createData -->
        <test-method signature="createPet()[pri:1, instance:api.petTest.petTest@6221a451]" started-at="2023-11-19T17:17:33 IST" name="createPet" finished-at="2023-11-19T17:17:38 IST" duration-ms="4459" status="PASS">
          <reporter-output>
          </reporter-output>
        </test-method> <!-- createPet -->
        <test-method signature="uploadPetImage()[pri:2, instance:api.petTest.petTest@6221a451]" started-at="2023-11-19T17:17:38 IST" name="uploadPetImage" finished-at="2023-11-19T17:17:39 IST" duration-ms="1363" status="PASS">
          <reporter-output>
          </reporter-output>
        </test-method> <!-- uploadPetImage -->
        <test-method signature="GetPet()[pri:3, instance:api.petTest.petTest@6221a451]" started-at="2023-11-19T17:17:39 IST" name="GetPet" finished-at="2023-11-19T17:17:41 IST" duration-ms="2168" status="PASS">
          <reporter-output>
          </reporter-output>
        </test-method> <!-- GetPet -->
        <test-method signature="deletePet()[pri:4, instance:api.petTest.petTest@6221a451]" started-at="2023-11-19T17:17:41 IST" name="deletePet" finished-at="2023-11-19T17:17:43 IST" duration-ms="1253" status="PASS">
          <reporter-output>
          </reporter-output>
        </test-method> <!-- deletePet -->
      </class> <!-- api.petTest.petTest -->
    </test> <!-- Default test -->
  </suite> <!-- Default suite -->
</testng-results>
