<?xml version="1.0" encoding="UTF-8"?>
<!-- Generated by org.testng.reporters.JUnitReportReporter -->
<testsuite hostname="DESKTOP-123O38H" failures="0" tests="4" name="api.petTest.petTest" time="9.243" errors="0" timestamp="2023-11-19T17:17:43 IST" skipped="0">
  <testcase classname="api.petTest.petTest" name="createPet" time="4.459"/>
  <system-out/>
  <testcase classname="api.petTest.petTest" name="uploadPetImage" time="1.363"/>
  <system-out/>
  <testcase classname="api.petTest.petTest" name="GetPet" time="2.168"/>
  <system-out/>
  <testcase classname="api.petTest.petTest" name="deletePet" time="1.253"/>
  <system-out/>
</testsuite> <!-- api.petTest.petTest -->
