<?xml version="1.0" encoding="UTF-8"?>
<!-- Generated by org.testng.reporters.JUnitReportReporter -->
<testsuite hostname="DESKTOP-123O38H" failures="0" tests="4" name="api.UserTest.UserTest" time="15.004" errors="0" timestamp="2023-11-14T17:25:45 IST" skipped="0">
  <testcase classname="api.UserTest.UserTest" name="createUser" time="5.703"/>
  <system-out/>
  <testcase classname="api.UserTest.UserTest" name="getUser" time="2.655"/>
  <system-out/>
  <testcase classname="api.UserTest.UserTest" name="updateUser" time="5.154"/>
  <system-out/>
  <testcase classname="api.UserTest.UserTest" name="deleteUser" time="1.492"/>
  <system-out/>
</testsuite> <!-- api.UserTest.UserTest -->
