<?xml version="1.0" encoding="UTF-8"?>
<!-- Generated by org.testng.reporters.JUnitReportReporter -->
<testsuite hostname="DESKTOP-123O38H" failures="2" tests="22" name="api.UserTest.DataproviderTest" time="41.557" errors="0" timestamp="2023-11-14T17:10:50 IST" skipped="0">
  <testcase classname="api.UserTest.DataproviderTest" name="createUser" time="1.264"/>
  <system-out/>
  <testcase classname="api.UserTest.DataproviderTest" name="createUser" time="1.593"/>
  <system-out/>
  <testcase classname="api.UserTest.DataproviderTest" name="createUser" time="3.701"/>
  <system-out/>
  <testcase classname="api.UserTest.DataproviderTest" name="createUser" time="4.500"/>
  <system-out/>
  <testcase classname="api.UserTest.DataproviderTest" name="createUser" time="2.311"/>
  <system-out/>
  <testcase classname="api.UserTest.DataproviderTest" name="createUser" time="1.541"/>
  <system-out/>
  <testcase classname="api.UserTest.DataproviderTest" name="createUser" time="1.571"/>
  <system-out/>
  <testcase classname="api.UserTest.DataproviderTest" name="createUser" time="1.228"/>
  <system-out/>
  <testcase classname="api.UserTest.DataproviderTest" name="createUser" time="1.275"/>
  <system-out/>
  <testcase classname="api.UserTest.DataproviderTest" name="createUser" time="1.219"/>
  <system-out/>
  <testcase classname="api.UserTest.DataproviderTest" name="createUser" time="1.514"/>
  <system-out/>
  <testcase classname="api.UserTest.DataproviderTest" name="deleteuser" time="1.204"/>
  <system-out/>
  <testcase classname="api.UserTest.DataproviderTest" name="deleteuser" time="3.889"/>
  <system-out/>
  <testcase classname="api.UserTest.DataproviderTest" name="deleteuser" time="1.183"/>
  <system-out/>
  <testcase classname="api.UserTest.DataproviderTest" name="deleteuser" time="2.071"/>
  <system-out/>
  <testcase classname="api.UserTest.DataproviderTest" name="deleteuser" time="1.202"/>
  <system-out/>
  <testcase classname="api.UserTest.DataproviderTest" name="deleteuser" time="1.269">
    <failure message="expected [200] but found [404]" type="java.lang.AssertionError">
      <![CDATA[java.lang.AssertionError: expected [200] but found [404]
at org.testng.Assert.fail(Assert.java:110)
at org.testng.Assert.failNotEquals(Assert.java:1577)
at org.testng.Assert.assertEqualsImpl(Assert.java:149)
at org.testng.Assert.assertEquals(Assert.java:131)
at org.testng.Assert.assertEquals(Assert.java:1418)
at org.testng.Assert.assertEquals(Assert.java:1382)
at org.testng.Assert.assertEquals(Assert.java:1428)
at api.UserTest.DataproviderTest.deleteuser(DataproviderTest.java:54)
at java.base/jdk.internal.reflect.NativeMethodAccessorImpl.invoke0(Native Method)
at java.base/jdk.internal.reflect.NativeMethodAccessorImpl.invoke(NativeMethodAccessorImpl.java:77)
at java.base/jdk.internal.reflect.DelegatingMethodAccessorImpl.invoke(DelegatingMethodAccessorImpl.java:43)
at java.base/java.lang.reflect.Method.invoke(Method.java:568)
at org.testng.internal.invokers.MethodInvocationHelper.invokeMethod(MethodInvocationHelper.java:139)
at org.testng.internal.invokers.TestInvoker.invokeMethod(TestInvoker.java:677)
at org.testng.internal.invokers.TestInvoker.invokeTestMethod(TestInvoker.java:221)
at org.testng.internal.invokers.MethodRunner.runInSequence(MethodRunner.java:50)
at org.testng.internal.invokers.TestInvoker$MethodInvocationAgent.invoke(TestInvoker.java:969)
at org.testng.internal.invokers.TestInvoker.invokeTestMethods(TestInvoker.java:194)
at org.testng.internal.invokers.TestMethodWorker.invokeTestMethods(TestMethodWorker.java:148)
at org.testng.internal.invokers.TestMethodWorker.run(TestMethodWorker.java:128)
at java.base/java.util.ArrayList.forEach(ArrayList.java:1511)
at org.testng.TestRunner.privateRun(TestRunner.java:829)
at org.testng.TestRunner.run(TestRunner.java:602)
at org.testng.SuiteRunner.runTest(SuiteRunner.java:437)
at org.testng.SuiteRunner.runSequentially(SuiteRunner.java:431)
at org.testng.SuiteRunner.privateRun(SuiteRunner.java:391)
at org.testng.SuiteRunner.run(SuiteRunner.java:330)
at org.testng.SuiteRunnerWorker.runSuite(SuiteRunnerWorker.java:52)
at org.testng.SuiteRunnerWorker.run(SuiteRunnerWorker.java:95)
at org.testng.TestNG.runSuitesSequentially(TestNG.java:1256)
at org.testng.TestNG.runSuitesLocally(TestNG.java:1176)
at org.testng.TestNG.runSuites(TestNG.java:1099)
at org.testng.TestNG.run(TestNG.java:1067)
at org.testng.remote.AbstractRemoteTestNG.run(AbstractRemoteTestNG.java:115)
at org.testng.remote.RemoteTestNG.initAndRun(RemoteTestNG.java:251)
at org.testng.remote.RemoteTestNG.main(RemoteTestNG.java:77)
]]>
    </failure>
  </testcase> <!-- deleteuser -->
  <system-out/>
  <testcase classname="api.UserTest.DataproviderTest" name="deleteuser" time="1.270">
    <failure message="expected [200] but found [404]" type="java.lang.AssertionError">
      <![CDATA[java.lang.AssertionError: expected [200] but found [404]
at org.testng.Assert.fail(Assert.java:110)
at org.testng.Assert.failNotEquals(Assert.java:1577)
at org.testng.Assert.assertEqualsImpl(Assert.java:149)
at org.testng.Assert.assertEquals(Assert.java:131)
at org.testng.Assert.assertEquals(Assert.java:1418)
at org.testng.Assert.assertEquals(Assert.java:1382)
at org.testng.Assert.assertEquals(Assert.java:1428)
at api.UserTest.DataproviderTest.deleteuser(DataproviderTest.java:54)
at java.base/jdk.internal.reflect.NativeMethodAccessorImpl.invoke0(Native Method)
at java.base/jdk.internal.reflect.NativeMethodAccessorImpl.invoke(NativeMethodAccessorImpl.java:77)
at java.base/jdk.internal.reflect.DelegatingMethodAccessorImpl.invoke(DelegatingMethodAccessorImpl.java:43)
at java.base/java.lang.reflect.Method.invoke(Method.java:568)
at org.testng.internal.invokers.MethodInvocationHelper.invokeMethod(MethodInvocationHelper.java:139)
at org.testng.internal.invokers.TestInvoker.invokeMethod(TestInvoker.java:677)
at org.testng.internal.invokers.TestInvoker.invokeTestMethod(TestInvoker.java:221)
at org.testng.internal.invokers.MethodRunner.runInSequence(MethodRunner.java:50)
at org.testng.internal.invokers.TestInvoker$MethodInvocationAgent.invoke(TestInvoker.java:969)
at org.testng.internal.invokers.TestInvoker.invokeTestMethods(TestInvoker.java:194)
at org.testng.internal.invokers.TestMethodWorker.invokeTestMethods(TestMethodWorker.java:148)
at org.testng.internal.invokers.TestMethodWorker.run(TestMethodWorker.java:128)
at java.base/java.util.ArrayList.forEach(ArrayList.java:1511)
at org.testng.TestRunner.privateRun(TestRunner.java:829)
at org.testng.TestRunner.run(TestRunner.java:602)
at org.testng.SuiteRunner.runTest(SuiteRunner.java:437)
at org.testng.SuiteRunner.runSequentially(SuiteRunner.java:431)
at org.testng.SuiteRunner.privateRun(SuiteRunner.java:391)
at org.testng.SuiteRunner.run(SuiteRunner.java:330)
at org.testng.SuiteRunnerWorker.runSuite(SuiteRunnerWorker.java:52)
at org.testng.SuiteRunnerWorker.run(SuiteRunnerWorker.java:95)
at org.testng.TestNG.runSuitesSequentially(TestNG.java:1256)
at org.testng.TestNG.runSuitesLocally(TestNG.java:1176)
at org.testng.TestNG.runSuites(TestNG.java:1099)
at org.testng.TestNG.run(TestNG.java:1067)
at org.testng.remote.AbstractRemoteTestNG.run(AbstractRemoteTestNG.java:115)
at org.testng.remote.RemoteTestNG.initAndRun(RemoteTestNG.java:251)
at org.testng.remote.RemoteTestNG.main(RemoteTestNG.java:77)
]]>
    </failure>
  </testcase> <!-- deleteuser -->
  <system-out/>
  <testcase classname="api.UserTest.DataproviderTest" name="deleteuser" time="2.608"/>
  <system-out/>
  <testcase classname="api.UserTest.DataproviderTest" name="deleteuser" time="2.192"/>
  <system-out/>
  <testcase classname="api.UserTest.DataproviderTest" name="deleteuser" time="1.747"/>
  <system-out/>
  <testcase classname="api.UserTest.DataproviderTest" name="deleteuser" time="1.205"/>
  <system-out/>
</testsuite> <!-- api.UserTest.DataproviderTest -->
