<?xml version="1.0" encoding="UTF-8"?>
<!-- Generated by org.testng.reporters.JUnitReportReporter -->
<testsuite hostname="DESKTOP-123O38H" failures="0" tests="3" name="api.StoreTest.StoreTest" time="9.608" errors="0" timestamp="2023-11-15T08:02:00 IST" skipped="0">
  <testcase classname="api.StoreTest.StoreTest" name="placeorder" time="5.497"/>
  <system-out/>
  <testcase classname="api.StoreTest.StoreTest" name="getOrder" time="2.083"/>
  <system-out/>
  <testcase classname="api.StoreTest.StoreTest" name="deleteOrder" time="2.028"/>
  <system-out/>
</testsuite> <!-- api.StoreTest.StoreTest -->
