<?xml version="1.0" encoding="UTF-8"?>
<!-- Generated by org.testng.reporters.JUnitReportReporter -->
<testsuite hostname="DESKTOP-123O38H" failures="0" tests="4" name="api.UserTest.UserTest" time="12.870" errors="0" timestamp="2025-05-24T18:54:09 IST" skipped="0">
  <testcase classname="api.UserTest.UserTest" name="createUser" time="5.661"/>
  <system-out/>
  <testcase classname="api.UserTest.UserTest" name="getUser" time="2.774"/>
  <system-out/>
  <testcase classname="api.UserTest.UserTest" name="updateUser" time="2.983"/>
  <system-out/>
  <testcase classname="api.UserTest.UserTest" name="deleteUser" time="1.452"/>
  <system-out/>
</testsuite> <!-- api.UserTest.UserTest -->
